app/build/intermediates/manifest_merge_blame_file/debug/manifest-merger-blame-debug-report.txt
1<?xml version="1.0" encoding="utf-8"?>
2<manifest xmlns:android="http://schemas.android.com/apk/res/android"
3    package="com.mvistudy"
4    android:versionCode="1"
5    android:versionName="1.0" >
6
7    <uses-sdk
8        android:minSdkVersion="23"
8-->src/main/AndroidManifest.xml
9        android:targetSdkVersion="29" />
9-->src/main/AndroidManifest.xml
10
11    <!-- To store the heap dumps and leak analysis results. -->
12    <uses-permission android:name="android.permission.READ_EXTERNAL_STORAGE" />
12-->[com.squareup.leakcanary:leakcanary-android-core:2.0-alpha-3] AndroidManifest.xml:23:5-80
12-->[com.squareup.leakcanary:leakcanary-android-core:2.0-alpha-3] AndroidManifest.xml:23:22-77
13    <uses-permission android:name="android.permission.WRITE_EXTERNAL_STORAGE" /> <!-- To allow starting foreground services on Android P+ - https://developer.android.com/preview/behavior-changes#fg-svc -->
13-->[com.squareup.leakcanary:leakcanary-android-core:2.0-alpha-3] AndroidManifest.xml:24:5-81
13-->[com.squareup.leakcanary:leakcanary-android-core:2.0-alpha-3] AndroidManifest.xml:24:22-78
14    <uses-permission android:name="android.permission.FOREGROUND_SERVICE" />
14-->[com.squareup.leakcanary:leakcanary-android-core:2.0-alpha-3] AndroidManifest.xml:26:5-77
14-->[com.squareup.leakcanary:leakcanary-android-core:2.0-alpha-3] AndroidManifest.xml:26:22-74
15
16    <application
16-->src/main/AndroidManifest.xml:5:5-19:19
17        android:allowBackup="true"
17-->src/main/AndroidManifest.xml:6:9-35
18        android:appComponentFactory="androidx.core.app.CoreComponentFactory"
18-->[androidx.core:core:1.3.0] AndroidManifest.xml:24:18-86
19        android:debuggable="true"
20        android:extractNativeLibs="false"
21        android:icon="@mipmap/ic_launcher"
21-->src/main/AndroidManifest.xml:7:9-43
22        android:label="@string/app_name"
22-->src/main/AndroidManifest.xml:8:9-41
23        android:roundIcon="@mipmap/ic_launcher_round"
23-->src/main/AndroidManifest.xml:9:9-54
24        android:supportsRtl="true"
24-->src/main/AndroidManifest.xml:10:9-35
25        android:testOnly="true"
26        android:theme="@style/AppTheme" >
26-->src/main/AndroidManifest.xml:11:9-40
27        <activity android:name="com.mvistudy.ui.auth.AuthActivity" >
27-->src/main/AndroidManifest.xml:12:9-18:20
27-->src/main/AndroidManifest.xml:12:19-55
28            <intent-filter>
28-->src/main/AndroidManifest.xml:13:13-17:29
29                <action android:name="android.intent.action.MAIN" />
29-->src/main/AndroidManifest.xml:14:17-69
29-->src/main/AndroidManifest.xml:14:25-66
30
31                <category android:name="android.intent.category.LAUNCHER" />
31-->src/main/AndroidManifest.xml:16:17-77
31-->src/main/AndroidManifest.xml:16:27-74
32            </intent-filter>
33        </activity>
34
35        <service
35-->[com.squareup.leakcanary:leakcanary-android:2.0-alpha-3] AndroidManifest.xml:23:9-29:19
36            android:name="leakcanary.internal.HeapAnalyzerService"
36-->[com.squareup.leakcanary:leakcanary-android:2.0-alpha-3] AndroidManifest.xml:24:13-67
37            android:exported="false" >
37-->[com.squareup.leakcanary:leakcanary-android:2.0-alpha-3] AndroidManifest.xml:25:13-37
38            <intent-filter>
38-->[com.squareup.leakcanary:leakcanary-android:2.0-alpha-3] AndroidManifest.xml:26:13-28:29
39                <action android:name="leakcanary.ANALYSIS_ACTION" />
39-->[com.squareup.leakcanary:leakcanary-android:2.0-alpha-3] AndroidManifest.xml:27:17-69
39-->[com.squareup.leakcanary:leakcanary-android:2.0-alpha-3] AndroidManifest.xml:27:25-66
40            </intent-filter>
41        </service>
42
43        <provider
43-->[com.squareup.leakcanary:leakcanary-android-core:2.0-alpha-3] AndroidManifest.xml:29:9-37:20
44            android:name="leakcanary.internal.LeakCanaryFileProvider"
44-->[com.squareup.leakcanary:leakcanary-android-core:2.0-alpha-3] AndroidManifest.xml:30:13-70
45            android:authorities="com.squareup.leakcanary.fileprovider.com.mvistudy"
45-->[com.squareup.leakcanary:leakcanary-android-core:2.0-alpha-3] AndroidManifest.xml:31:13-88
46            android:exported="false"
46-->[com.squareup.leakcanary:leakcanary-android-core:2.0-alpha-3] AndroidManifest.xml:32:13-37
47            android:grantUriPermissions="true" >
47-->[com.squareup.leakcanary:leakcanary-android-core:2.0-alpha-3] AndroidManifest.xml:33:13-47
48            <meta-data
48-->[com.squareup.leakcanary:leakcanary-android-core:2.0-alpha-3] AndroidManifest.xml:34:13-36:66
49                android:name="android.support.FILE_PROVIDER_PATHS"
49-->[com.squareup.leakcanary:leakcanary-android-core:2.0-alpha-3] AndroidManifest.xml:35:17-67
50                android:resource="@xml/leak_canary_file_paths" />
50-->[com.squareup.leakcanary:leakcanary-android-core:2.0-alpha-3] AndroidManifest.xml:36:17-63
51        </provider>
52
53        <activity
53-->[com.squareup.leakcanary:leakcanary-android-core:2.0-alpha-3] AndroidManifest.xml:39:9-44:66
54            android:name="leakcanary.internal.activity.LeakActivity"
54-->[com.squareup.leakcanary:leakcanary-android-core:2.0-alpha-3] AndroidManifest.xml:40:13-69
55            android:icon="@mipmap/leak_canary_icon"
55-->[com.squareup.leakcanary:leakcanary-android-core:2.0-alpha-3] AndroidManifest.xml:41:13-52
56            android:label="@string/leak_canary_display_activity_label"
56-->[com.squareup.leakcanary:leakcanary-android-core:2.0-alpha-3] AndroidManifest.xml:42:13-71
57            android:taskAffinity="com.squareup.leakcanary.com.mvistudy"
57-->[com.squareup.leakcanary:leakcanary-android-core:2.0-alpha-3] AndroidManifest.xml:43:13-76
58            android:theme="@style/leak_canary_LeakCanary.Base" />
58-->[com.squareup.leakcanary:leakcanary-android-core:2.0-alpha-3] AndroidManifest.xml:44:13-63
59
60        <activity-alias
60-->[com.squareup.leakcanary:leakcanary-android-core:2.0-alpha-3] AndroidManifest.xml:46:9-59:26
61            android:name="leakcanary.internal.activity.LeakLauncherActivity"
61-->[com.squareup.leakcanary:leakcanary-android-core:2.0-alpha-3] AndroidManifest.xml:47:13-77
62            android:enabled="@bool/leak_canary_add_launcher_icon"
62-->[com.squareup.leakcanary:leakcanary-android-core:2.0-alpha-3] AndroidManifest.xml:48:13-66
63            android:icon="@mipmap/leak_canary_icon"
63-->[com.squareup.leakcanary:leakcanary-android-core:2.0-alpha-3] AndroidManifest.xml:49:13-52
64            android:label="@string/leak_canary_display_activity_label"
64-->[com.squareup.leakcanary:leakcanary-android-core:2.0-alpha-3] AndroidManifest.xml:50:13-71
65            android:targetActivity="leakcanary.internal.activity.LeakActivity"
65-->[com.squareup.leakcanary:leakcanary-android-core:2.0-alpha-3] AndroidManifest.xml:51:13-79
66            android:taskAffinity="com.squareup.leakcanary.com.mvistudy"
66-->[com.squareup.leakcanary:leakcanary-android-core:2.0-alpha-3] AndroidManifest.xml:52:13-76
67            android:theme="@style/leak_canary_LeakCanary.Base" >
67-->[com.squareup.leakcanary:leakcanary-android-core:2.0-alpha-3] AndroidManifest.xml:53:13-63
68            <intent-filter>
68-->src/main/AndroidManifest.xml:13:13-17:29
69                <action android:name="android.intent.action.MAIN" />
69-->src/main/AndroidManifest.xml:14:17-69
69-->src/main/AndroidManifest.xml:14:25-66
70
71                <category android:name="android.intent.category.LAUNCHER" />
71-->src/main/AndroidManifest.xml:16:17-77
71-->src/main/AndroidManifest.xml:16:27-74
72            </intent-filter>
73        </activity-alias>
74
75        <activity
75-->[com.squareup.leakcanary:leakcanary-android-core:2.0-alpha-3] AndroidManifest.xml:61:9-67:68
76            android:name="leakcanary.internal.RequestStoragePermissionActivity"
76-->[com.squareup.leakcanary:leakcanary-android-core:2.0-alpha-3] AndroidManifest.xml:62:13-80
77            android:excludeFromRecents="true"
77-->[com.squareup.leakcanary:leakcanary-android-core:2.0-alpha-3] AndroidManifest.xml:63:13-46
78            android:icon="@mipmap/leak_canary_icon"
78-->[com.squareup.leakcanary:leakcanary-android-core:2.0-alpha-3] AndroidManifest.xml:64:13-52
79            android:label="@string/leak_canary_storage_permission_activity_label"
79-->[com.squareup.leakcanary:leakcanary-android-core:2.0-alpha-3] AndroidManifest.xml:65:13-82
80            android:taskAffinity="com.squareup.leakcanary.com.mvistudy"
80-->[com.squareup.leakcanary:leakcanary-android-core:2.0-alpha-3] AndroidManifest.xml:66:13-76
81            android:theme="@style/leak_canary_Theme.Transparent" />
81-->[com.squareup.leakcanary:leakcanary-android-core:2.0-alpha-3] AndroidManifest.xml:67:13-65
82
83        <receiver android:name="leakcanary.internal.NotificationReceiver" />
83-->[com.squareup.leakcanary:leakcanary-android-core:2.0-alpha-3] AndroidManifest.xml:69:9-77
83-->[com.squareup.leakcanary:leakcanary-android-core:2.0-alpha-3] AndroidManifest.xml:69:19-74
84
85        <provider
85-->[com.squareup.leakcanary:leaksentry:2.0-alpha-3] AndroidManifest.xml:8:9-11:40
86            android:name="leakcanary.internal.LeakSentryInstaller"
86-->[com.squareup.leakcanary:leaksentry:2.0-alpha-3] AndroidManifest.xml:9:13-67
87            android:authorities="com.mvistudy.leak-sentry-installer"
87-->[com.squareup.leakcanary:leaksentry:2.0-alpha-3] AndroidManifest.xml:10:13-73
88            android:exported="false" />
88-->[com.squareup.leakcanary:leaksentry:2.0-alpha-3] AndroidManifest.xml:11:13-37
89
90        <service
90-->[androidx.room:room-runtime:2.2.5] AndroidManifest.xml:25:9-28:40
91            android:name="androidx.room.MultiInstanceInvalidationService"
91-->[androidx.room:room-runtime:2.2.5] AndroidManifest.xml:26:13-74
92            android:directBootAware="true"
92-->[androidx.room:room-runtime:2.2.5] AndroidManifest.xml:27:13-43
93            android:exported="false" />
93-->[androidx.room:room-runtime:2.2.5] AndroidManifest.xml:28:13-37
94    </application>
95
96</manifest>